2023-05-06 18:43:07,384:WARNING:
'cuml' is a soft dependency and not included in the pycaret installation. Please run: `pip install cuml` to install.
2023-05-06 18:43:07,384:WARNING:
'cuml' is a soft dependency and not included in the pycaret installation. Please run: `pip install cuml` to install.
2023-05-06 18:43:07,384:WARNING:
'cuml' is a soft dependency and not included in the pycaret installation. Please run: `pip install cuml` to install.
2023-05-06 18:43:07,384:WARNING:
'cuml' is a soft dependency and not included in the pycaret installation. Please run: `pip install cuml` to install.
2023-05-06 18:43:07,560:WARNING:
'prophet' is a soft dependency and not included in the pycaret installation. Please run: `pip install prophet` to install.
2023-05-06 18:45:07,845:INFO:PyCaret ClassificationExperiment
2023-05-06 18:45:07,846:INFO:Logging name: clf-default-name
2023-05-06 18:45:07,846:INFO:ML Usecase: MLUsecase.CLASSIFICATION
2023-05-06 18:45:07,846:INFO:version 3.0.0
2023-05-06 18:45:07,846:INFO:Initializing setup()
2023-05-06 18:45:07,846:INFO:self.USI: ebc6
2023-05-06 18:45:07,846:INFO:self._variable_keys: {'gpu_param', 'USI', 'seed', 'target_param', 'y_test', 'pipeline', 'fold_shuffle_param', 'memory', 'y_train', 'html_param', 'logging_param', 'X', 'exp_name_log', 'fix_imbalance', 'idx', '_available_plots', 'is_multiclass', 'exp_id', 'fold_generator', 'X_train', 'fold_groups_param', 'y', 'log_plots_param', 'gpu_n_jobs_param', '_ml_usecase', 'n_jobs_param', 'data', 'X_test'}
2023-05-06 18:45:07,846:INFO:Checking environment
2023-05-06 18:45:07,846:INFO:python_version: 3.10.6
2023-05-06 18:45:07,846:INFO:python_build: ('main', 'Mar 10 2023 10:55:28')
2023-05-06 18:45:07,846:INFO:machine: x86_64
2023-05-06 18:45:07,846:INFO:platform: Linux-5.19.0-41-generic-x86_64-with-glibc2.35
2023-05-06 18:45:07,846:INFO:Memory: svmem(total=16742387712, available=4413231104, percent=73.6, used=7724957696, free=1374097408, active=5796044800, inactive=7168704512, buffers=164773888, cached=7478558720, shared=4263915520, slab=967667712)
2023-05-06 18:45:07,847:INFO:Physical Core: 12
2023-05-06 18:45:07,847:INFO:Logical Core: 12
2023-05-06 18:45:07,847:INFO:Checking libraries
2023-05-06 18:45:07,847:INFO:System:
2023-05-06 18:45:07,847:INFO:    python: 3.10.6 (main, Mar 10 2023, 10:55:28) [GCC 11.3.0]
2023-05-06 18:45:07,847:INFO:executable: /bin/python3
2023-05-06 18:45:07,847:INFO:   machine: Linux-5.19.0-41-generic-x86_64-with-glibc2.35
2023-05-06 18:45:07,847:INFO:PyCaret required dependencies:
2023-05-06 18:45:07,847:INFO:                 pip: 22.0.2
2023-05-06 18:45:07,848:INFO:          setuptools: 59.6.0
2023-05-06 18:45:07,848:INFO:             pycaret: 3.0.0
2023-05-06 18:45:07,848:INFO:             IPython: 8.13.2
2023-05-06 18:45:07,848:INFO:          ipywidgets: 8.0.6
2023-05-06 18:45:07,848:INFO:                tqdm: 4.65.0
2023-05-06 18:45:07,848:INFO:               numpy: 1.24.3
2023-05-06 18:45:07,848:INFO:              pandas: 1.5.3
2023-05-06 18:45:07,848:INFO:              jinja2: 3.1.2
2023-05-06 18:45:07,848:INFO:               scipy: 1.10.1
2023-05-06 18:45:07,848:INFO:              joblib: 1.2.0
2023-05-06 18:45:07,848:INFO:             sklearn: 1.2.2
2023-05-06 18:45:07,848:INFO:                pyod: 1.0.9
2023-05-06 18:45:07,848:INFO:            imblearn: 0.10.1
2023-05-06 18:45:07,848:INFO:   category_encoders: 2.6.0
2023-05-06 18:45:07,848:INFO:            lightgbm: 3.3.5
2023-05-06 18:45:07,848:INFO:               numba: 0.57.0
2023-05-06 18:45:07,848:INFO:            requests: 2.25.1
2023-05-06 18:45:07,848:INFO:          matplotlib: 3.7.1
2023-05-06 18:45:07,848:INFO:          scikitplot: 0.3.7
2023-05-06 18:45:07,848:INFO:         yellowbrick: 1.5
2023-05-06 18:45:07,848:INFO:              plotly: 5.14.1
2023-05-06 18:45:07,848:INFO:             kaleido: 0.2.1
2023-05-06 18:45:07,848:INFO:         statsmodels: 0.14.0
2023-05-06 18:45:07,848:INFO:              sktime: 0.18.0
2023-05-06 18:45:07,848:INFO:               tbats: 1.1.3
2023-05-06 18:45:07,848:INFO:            pmdarima: 2.0.3
2023-05-06 18:45:07,848:INFO:              psutil: 5.9.5
2023-05-06 18:45:07,848:INFO:PyCaret optional dependencies:
2023-05-06 18:45:07,865:INFO:                shap: Not installed
2023-05-06 18:45:07,865:INFO:           interpret: Not installed
2023-05-06 18:45:07,865:INFO:                umap: Not installed
2023-05-06 18:45:07,865:INFO:    pandas_profiling: Not installed
2023-05-06 18:45:07,865:INFO:  explainerdashboard: Not installed
2023-05-06 18:45:07,865:INFO:             autoviz: Not installed
2023-05-06 18:45:07,865:INFO:           fairlearn: Not installed
2023-05-06 18:45:07,865:INFO:             xgboost: Not installed
2023-05-06 18:45:07,865:INFO:            catboost: Not installed
2023-05-06 18:45:07,865:INFO:              kmodes: Not installed
2023-05-06 18:45:07,865:INFO:             mlxtend: Not installed
2023-05-06 18:45:07,865:INFO:       statsforecast: Not installed
2023-05-06 18:45:07,865:INFO:        tune_sklearn: Not installed
2023-05-06 18:45:07,865:INFO:                 ray: Not installed
2023-05-06 18:45:07,865:INFO:            hyperopt: Not installed
2023-05-06 18:45:07,865:INFO:              optuna: Not installed
2023-05-06 18:45:07,865:INFO:               skopt: Not installed
2023-05-06 18:45:07,865:INFO:              mlflow: Not installed
2023-05-06 18:45:07,865:INFO:              gradio: Not installed
2023-05-06 18:45:07,865:INFO:             fastapi: Not installed
2023-05-06 18:45:07,865:INFO:             uvicorn: Not installed
2023-05-06 18:45:07,865:INFO:              m2cgen: Not installed
2023-05-06 18:45:07,865:INFO:           evidently: Not installed
2023-05-06 18:45:07,865:INFO:               fugue: Not installed
2023-05-06 18:45:07,865:INFO:           streamlit: Not installed
2023-05-06 18:45:07,865:INFO:             prophet: Not installed
2023-05-06 18:45:07,865:INFO:None
2023-05-06 18:45:07,865:INFO:Set up data.
2023-05-06 18:45:07,903:INFO:Set up train/test split.
2023-05-06 18:45:08,016:INFO:Set up index.
2023-05-06 18:45:08,016:INFO:Set up folding strategy.
2023-05-06 18:45:08,016:INFO:Assigning column types.
2023-05-06 18:45:08,049:INFO:Engine successfully changes for model 'lr' to 'sklearn'.
2023-05-06 18:45:08,075:INFO:Engine for model 'knn' has not been set explicitly, hence returning None.
2023-05-06 18:45:08,077:INFO:Engine for model 'rbfsvm' has not been set explicitly, hence returning None.
2023-05-06 18:45:08,095:WARNING:
'xgboost' is a soft dependency and not included in the pycaret installation. Please run: `pip install xgboost` to install.
Alternately, you can install this by running `pip install pycaret[models]`
2023-05-06 18:45:08,101:WARNING:
'catboost' is a soft dependency and not included in the pycaret installation. Please run: `pip install catboost` to install.
Alternately, you can install this by running `pip install pycaret[models]`
2023-05-06 18:45:08,127:INFO:Engine for model 'knn' has not been set explicitly, hence returning None.
2023-05-06 18:45:08,128:INFO:Engine for model 'rbfsvm' has not been set explicitly, hence returning None.
2023-05-06 18:45:08,144:WARNING:
'xgboost' is a soft dependency and not included in the pycaret installation. Please run: `pip install xgboost` to install.
Alternately, you can install this by running `pip install pycaret[models]`
2023-05-06 18:45:08,144:WARNING:
'catboost' is a soft dependency and not included in the pycaret installation. Please run: `pip install catboost` to install.
Alternately, you can install this by running `pip install pycaret[models]`
2023-05-06 18:45:08,144:INFO:Engine successfully changes for model 'knn' to 'sklearn'.
2023-05-06 18:45:08,171:INFO:Engine for model 'rbfsvm' has not been set explicitly, hence returning None.
2023-05-06 18:45:08,190:WARNING:
'xgboost' is a soft dependency and not included in the pycaret installation. Please run: `pip install xgboost` to install.
Alternately, you can install this by running `pip install pycaret[models]`
2023-05-06 18:45:08,191:WARNING:
'catboost' is a soft dependency and not included in the pycaret installation. Please run: `pip install catboost` to install.
Alternately, you can install this by running `pip install pycaret[models]`
2023-05-06 18:45:08,217:INFO:Engine for model 'rbfsvm' has not been set explicitly, hence returning None.
2023-05-06 18:45:08,232:WARNING:
'xgboost' is a soft dependency and not included in the pycaret installation. Please run: `pip install xgboost` to install.
Alternately, you can install this by running `pip install pycaret[models]`
2023-05-06 18:45:08,232:WARNING:
'catboost' is a soft dependency and not included in the pycaret installation. Please run: `pip install catboost` to install.
Alternately, you can install this by running `pip install pycaret[models]`
2023-05-06 18:45:08,233:INFO:Engine successfully changes for model 'rbfsvm' to 'sklearn'.
2023-05-06 18:45:08,274:WARNING:
'xgboost' is a soft dependency and not included in the pycaret installation. Please run: `pip install xgboost` to install.
Alternately, you can install this by running `pip install pycaret[models]`
2023-05-06 18:45:08,274:WARNING:
'catboost' is a soft dependency and not included in the pycaret installation. Please run: `pip install catboost` to install.
Alternately, you can install this by running `pip install pycaret[models]`
2023-05-06 18:45:08,316:WARNING:
'xgboost' is a soft dependency and not included in the pycaret installation. Please run: `pip install xgboost` to install.
Alternately, you can install this by running `pip install pycaret[models]`
2023-05-06 18:45:08,317:WARNING:
'catboost' is a soft dependency and not included in the pycaret installation. Please run: `pip install catboost` to install.
Alternately, you can install this by running `pip install pycaret[models]`
2023-05-06 18:45:08,318:INFO:Preparing preprocessing pipeline...
2023-05-06 18:45:08,326:INFO:Set up simple imputation.
2023-05-06 18:45:08,326:INFO:Set up feature normalization.
2023-05-06 18:45:08,447:INFO:Finished creating preprocessing pipeline.
2023-05-06 18:45:08,450:INFO:Pipeline: Pipeline(memory=FastMemory(location=/tmp/joblib),
         steps=[('numerical_imputer',
                 TransformerWrapper(exclude=None,
                                    include=['Flight', 'Time', 'Length',
                                             'Airline', 'AirportFrom',
                                             'AirportTo', 'DayOfWeek'],
                                    transformer=SimpleImputer(add_indicator=False,
                                                              copy=True,
                                                              fill_value=None,
                                                              keep_empty_features=False,
                                                              missing_values=nan,
                                                              strategy='mean',
                                                              verbose='deprecated'))),
                (...
                 TransformerWrapper(exclude=None, include=[],
                                    transformer=SimpleImputer(add_indicator=False,
                                                              copy=True,
                                                              fill_value=None,
                                                              keep_empty_features=False,
                                                              missing_values=nan,
                                                              strategy='most_frequent',
                                                              verbose='deprecated'))),
                ('normalize',
                 TransformerWrapper(exclude=None, include=None,
                                    transformer=StandardScaler(copy=True,
                                                               with_mean=True,
                                                               with_std=True)))],
         verbose=False)
2023-05-06 18:45:08,450:INFO:Creating final display dataframe.
2023-05-06 18:45:08,796:INFO:Setup _display_container:                     Description             Value
0                    Session id               123
1                        Target             Class
2                   Target type            Binary
3           Original data shape       (539382, 8)
4        Transformed data shape       (539382, 8)
5   Transformed train set shape       (377567, 8)
6    Transformed test set shape       (161815, 8)
7              Numeric features                 7
8                    Preprocess              True
9               Imputation type            simple
10           Numeric imputation              mean
11       Categorical imputation              mode
12                    Normalize              True
13             Normalize method            zscore
14               Fold Generator   StratifiedKFold
15                  Fold Number                10
16                     CPU Jobs                -1
17                      Use GPU             False
18               Log Experiment             False
19              Experiment Name  clf-default-name
20                          USI              ebc6
2023-05-06 18:45:08,845:WARNING:
'xgboost' is a soft dependency and not included in the pycaret installation. Please run: `pip install xgboost` to install.
Alternately, you can install this by running `pip install pycaret[models]`
2023-05-06 18:45:08,845:WARNING:
'catboost' is a soft dependency and not included in the pycaret installation. Please run: `pip install catboost` to install.
Alternately, you can install this by running `pip install pycaret[models]`
2023-05-06 18:45:08,890:WARNING:
'xgboost' is a soft dependency and not included in the pycaret installation. Please run: `pip install xgboost` to install.
Alternately, you can install this by running `pip install pycaret[models]`
2023-05-06 18:45:08,890:WARNING:
'catboost' is a soft dependency and not included in the pycaret installation. Please run: `pip install catboost` to install.
Alternately, you can install this by running `pip install pycaret[models]`
2023-05-06 18:45:08,891:INFO:setup() successfully completed in 1.05s...............
2023-05-06 18:45:08,891:INFO:Initializing compare_models()
2023-05-06 18:45:08,891:INFO:compare_models(self=<pycaret.classification.oop.ClassificationExperiment object at 0x7f3b1b7b1690>, include=None, fold=None, round=4, cross_validation=True, sort=Accuracy, n_select=1, budget_time=None, turbo=True, errors=ignore, fit_kwargs=None, groups=None, experiment_custom_tags=None, probability_threshold=None, verbose=True, parallel=None, caller_params={'self': <pycaret.classification.oop.ClassificationExperiment object at 0x7f3b1b7b1690>, 'include': None, 'exclude': None, 'fold': None, 'round': 4, 'cross_validation': True, 'sort': 'Accuracy', 'n_select': 1, 'budget_time': None, 'turbo': True, 'errors': 'ignore', 'fit_kwargs': None, 'groups': None, 'experiment_custom_tags': None, 'probability_threshold': None, 'engine': None, 'verbose': True, 'parallel': None, '__class__': <class 'pycaret.classification.oop.ClassificationExperiment'>}, exclude=None)
2023-05-06 18:45:08,891:INFO:Checking exceptions
2023-05-06 18:45:08,928:INFO:Preparing display monitor
2023-05-06 18:45:08,944:INFO:Initializing Logistic Regression
2023-05-06 18:45:08,944:INFO:Total runtime is 3.401438395182292e-06 minutes
2023-05-06 18:45:08,946:INFO:SubProcess create_model() called ==================================
2023-05-06 18:45:08,947:INFO:Initializing create_model()
2023-05-06 18:45:08,947:INFO:create_model(self=<pycaret.classification.oop.ClassificationExperiment object at 0x7f3b1b7b1690>, estimator=lr, fold=StratifiedKFold(n_splits=10, random_state=None, shuffle=False), round=4, cross_validation=True, predict=True, fit_kwargs={}, groups=None, refit=False, probability_threshold=None, experiment_custom_tags=None, verbose=False, system=False, add_to_model_list=True, metrics=None, display=<pycaret.internal.display.display.CommonDisplay object at 0x7f3b1b83be80>, model_only=True, return_train_score=False, kwargs={})
2023-05-06 18:45:08,947:INFO:Checking exceptions
2023-05-06 18:45:08,947:INFO:Importing libraries
2023-05-06 18:45:08,947:INFO:Copying training dataset
2023-05-06 18:45:09,024:INFO:Defining folds
2023-05-06 18:45:09,024:INFO:Declaring metric variables
2023-05-06 18:45:09,027:INFO:Importing untrained model
2023-05-06 18:45:09,029:INFO:Logistic Regression Imported successfully
2023-05-06 18:45:09,033:INFO:Starting cross validation
2023-05-06 18:45:09,034:INFO:Cross validating with StratifiedKFold(n_splits=10, random_state=None, shuffle=False), n_jobs=-1
2023-05-06 18:45:11,638:INFO:Calculating mean and std
2023-05-06 18:45:11,640:INFO:Creating metrics dataframe
2023-05-06 18:45:11,643:INFO:Uploading results into container
2023-05-06 18:45:11,644:INFO:Uploading model into container now
2023-05-06 18:45:11,644:INFO:_master_model_container: 1
2023-05-06 18:45:11,644:INFO:_display_container: 2
2023-05-06 18:45:11,645:INFO:LogisticRegression(C=1.0, class_weight=None, dual=False, fit_intercept=True,
                   intercept_scaling=1, l1_ratio=None, max_iter=1000,
                   multi_class='auto', n_jobs=None, penalty='l2',
                   random_state=123, solver='lbfgs', tol=0.0001, verbose=0,
                   warm_start=False)
2023-05-06 18:45:11,645:INFO:create_model() successfully completed......................................
2023-05-06 18:45:11,741:INFO:SubProcess create_model() end ==================================
2023-05-06 18:45:11,742:INFO:Creating metrics dataframe
2023-05-06 18:45:11,747:INFO:Initializing K Neighbors Classifier
2023-05-06 18:45:11,747:INFO:Total runtime is 0.04672088225682577 minutes
2023-05-06 18:45:11,749:INFO:SubProcess create_model() called ==================================
2023-05-06 18:45:11,750:INFO:Initializing create_model()
2023-05-06 18:45:11,750:INFO:create_model(self=<pycaret.classification.oop.ClassificationExperiment object at 0x7f3b1b7b1690>, estimator=knn, fold=StratifiedKFold(n_splits=10, random_state=None, shuffle=False), round=4, cross_validation=True, predict=True, fit_kwargs={}, groups=None, refit=False, probability_threshold=None, experiment_custom_tags=None, verbose=False, system=False, add_to_model_list=True, metrics=None, display=<pycaret.internal.display.display.CommonDisplay object at 0x7f3b1b83be80>, model_only=True, return_train_score=False, kwargs={})
2023-05-06 18:45:11,750:INFO:Checking exceptions
2023-05-06 18:45:11,750:INFO:Importing libraries
2023-05-06 18:45:11,750:INFO:Copying training dataset
2023-05-06 18:45:11,828:INFO:Defining folds
2023-05-06 18:45:11,829:INFO:Declaring metric variables
2023-05-06 18:45:11,831:INFO:Importing untrained model
2023-05-06 18:45:11,833:INFO:K Neighbors Classifier Imported successfully
2023-05-06 18:45:11,837:INFO:Starting cross validation
2023-05-06 18:45:11,838:INFO:Cross validating with StratifiedKFold(n_splits=10, random_state=None, shuffle=False), n_jobs=-1
2023-05-06 18:45:20,007:INFO:Calculating mean and std
2023-05-06 18:45:20,008:INFO:Creating metrics dataframe
2023-05-06 18:45:20,011:INFO:Uploading results into container
2023-05-06 18:45:20,011:INFO:Uploading model into container now
2023-05-06 18:45:20,012:INFO:_master_model_container: 2
2023-05-06 18:45:20,012:INFO:_display_container: 2
2023-05-06 18:45:20,012:INFO:KNeighborsClassifier(algorithm='auto', leaf_size=30, metric='minkowski',
                     metric_params=None, n_jobs=-1, n_neighbors=5, p=2,
                     weights='uniform')
2023-05-06 18:45:20,012:INFO:create_model() successfully completed......................................
2023-05-06 18:45:20,101:INFO:SubProcess create_model() end ==================================
2023-05-06 18:45:20,101:INFO:Creating metrics dataframe
2023-05-06 18:45:20,107:INFO:Initializing Naive Bayes
2023-05-06 18:45:20,107:INFO:Total runtime is 0.18605270783106487 minutes
2023-05-06 18:45:20,109:INFO:SubProcess create_model() called ==================================
2023-05-06 18:45:20,109:INFO:Initializing create_model()
2023-05-06 18:45:20,109:INFO:create_model(self=<pycaret.classification.oop.ClassificationExperiment object at 0x7f3b1b7b1690>, estimator=nb, fold=StratifiedKFold(n_splits=10, random_state=None, shuffle=False), round=4, cross_validation=True, predict2023-05-06 18:45:33,673:INFO:PyCaret ClassificationExperiment
2023-05-06 18:45:33,674:INFO:Logging name: clf-default-name
2023-05-06 18:45:33,674:INFO:ML Usecase: MLUsecase.CLASSIFICATION
2023-05-06 18:45:33,675:INFO:version 3.0.0
2023-05-06 18:45:33,675:INFO:Initializing setup()
2023-05-06 18:45:33,675:INFO:self.USI: ab59
2023-05-06 18:45:33,676:INFO:self._variable_keys: {'gpu_param', 'USI', 'seed', 'target_param', 'y_test', 'pipeline', 'fold_shuffle_param', 'memory', 'y_train', 'html_param', 'logging_param', 'X', 'exp_name_log', 'fix_imbalance', 'idx', '_available_plots', 'is_multiclass', 'exp_id', 'fold_generator', 'X_train', 'fold_groups_param', 'y', 'log_plots_param', 'gpu_n_jobs_param', '_ml_usecase', 'n_jobs_param', 'data', 'X_test'}
2023-05-06 18:45:33,676:INFO:Checking environment
2023-05-06 18:45:33,676:INFO:python_version: 3.10.6
2023-05-06 18:45:33,676:INFO:python_build: ('main', 'Mar 10 2023 10:55:28')
2023-05-06 18:45:33,677:INFO:machine: x86_64
2023-05-06 18:45:33,677:INFO:platform: Linux-5.19.0-41-generic-x86_64-with-glibc2.35
2023-05-06 18:45:33,677:INFO:Memory: svmem(total=16742387712, available=4723499008, percent=71.8, used=7439519744, free=3479355392, active=5270810624, inactive=5646376960, buffers=116662272, cached=5706850304, shared=4203143168, slab=927891456)
2023-05-06 18:45:33,678:INFO:Physical Core: 12
2023-05-06 18:45:33,678:INFO:Logical Core: 12
2023-05-06 18:45:33,678:INFO:Checking libraries
2023-05-06 18:45:33,678:INFO:System:
2023-05-06 18:45:33,679:INFO:    python: 3.10.6 (main, Mar 10 2023, 10:55:28) [GCC 11.3.0]
2023-05-06 18:45:33,679:INFO:executable: /bin/python3
2023-05-06 18:45:33,679:INFO:   machine: Linux-5.19.0-41-generic-x86_64-with-glibc2.35
2023-05-06 18:45:33,679:INFO:PyCaret required dependencies:
2023-05-06 18:45:33,680:INFO:                 pip: 22.0.2
2023-05-06 18:45:33,680:INFO:          setuptools: 59.6.0
2023-05-06 18:45:33,680:INFO:             pycaret: 3.0.0
2023-05-06 18:45:33,681:INFO:             IPython: 8.13.2
2023-05-06 18:45:33,681:INFO:          ipywidgets: 8.0.6
2023-05-06 18:45:33,681:INFO:                tqdm: 4.65.0
2023-05-06 18:45:33,681:INFO:               numpy: 1.24.3
2023-05-06 18:45:33,682:INFO:              pandas: 1.5.3
2023-05-06 18:45:33,682:INFO:              jinja2: 3.1.2
2023-05-06 18:45:33,682:INFO:               scipy: 1.10.1
2023-05-06 18:45:33,682:INFO:              joblib: 1.2.0
2023-05-06 18:45:33,682:INFO:             sklearn: 1.2.2
2023-05-06 18:45:33,683:INFO:                pyod: 1.0.9
2023-05-06 18:45:33,683:INFO:            imblearn: 0.10.1
2023-05-06 18:45:33,683:INFO:   category_encoders: 2.6.0
2023-05-06 18:45:33,683:INFO:            lightgbm: 3.3.5
2023-05-06 18:45:33,684:INFO:               numba: 0.57.0
2023-05-06 18:45:33,684:INFO:            requests: 2.25.1
2023-05-06 18:45:33,684:INFO:          matplotlib: 3.7.1
2023-05-06 18:45:33,684:INFO:          scikitplot: 0.3.7
2023-05-06 18:45:33,684:INFO:         yellowbrick: 1.5
2023-05-06 18:45:33,685:INFO:              plotly: 5.14.1
2023-05-06 18:45:33,685:INFO:             kaleido: 0.2.1
2023-05-06 18:45:33,685:INFO:         statsmodels: 0.14.0
2023-05-06 18:45:33,685:INFO:              sktime: 0.18.0
2023-05-06 18:45:33,686:INFO:               tbats: 1.1.3
2023-05-06 18:45:33,686:INFO:            pmdarima: 2.0.3
2023-05-06 18:45:33,686:INFO:              psutil: 5.9.5
2023-05-06 18:45:33,686:INFO:PyCaret optional dependencies:
2023-05-06 18:45:33,686:INFO:                shap: Not installed
2023-05-06 18:45:33,687:INFO:           interpret: Not installed
2023-05-06 18:45:33,687:INFO:                umap: Not installed
2023-05-06 18:45:33,687:INFO:    pandas_profiling: Not installed
2023-05-06 18:45:33,687:INFO:  explainerdashboard: Not installed
2023-05-06 18:45:33,687:INFO:             autoviz: Not installed
2023-05-06 18:45:33,688:INFO:           fairlearn: Not installed
2023-05-06 18:45:33,688:INFO:             xgboost: Not installed
2023-05-06 18:45:33,688:INFO:            catboost: Not installed
2023-05-06 18:45:33,688:INFO:              kmodes: Not installed
2023-05-06 18:45:47,299:INFO:Initializing compare_models()
2023-05-06 18:45:47,299:INFO:compare_models(self=<pycaret.classification.oop.ClassificationExperiment object at 0x7f3b1b2758a0>, include=None, fold=None, round=4, cross_validation=True, sort=Accuracy, n_select=1, budget_time=None, turbo=True, errors=ignore, fit_kwargs=None, groups=None, experiment_custom_tags=None, probability_threshold=None, verbose=True, parallel=None, caller_params={'self': <pycaret.classification.oop.ClassificationExperiment object at 0x7f3b1b2758a0>, 'include': None, 'exclude': None, 'fold': None, 'round': 4, 'cross_validation': True, 'sort': 'Accuracy', 'n_select': 1, 'budget_time': None, 'turbo': True, 'errors': 'ignore', 'fit_kwargs': None, 'groups': None, 'experiment_custom_tags': None, 'probability_threshold': None, 'engine': None, 'verbose': True, 'parallel': None, '__class__': <class 'pycaret.classification.oop.ClassificationExperiment'>}, exclude=None)
2023-05-06 18:45:47,300:INFO:Checking exceptions
2023-05-06 18:45:47,340:INFO:Preparing display monitor
2023-05-06 18:45:47,355:INFO:Initializing Logistic Regression
2023-05-06 18:45:47,355:INFO:Total runtime is 3.3100446065266926e-06 minutes
2023-05-06 18:45:47,357:INFO:SubProcess create_model() called ==================================
2023-05-06 18:45:47,357:INFO:Initializing create_model()
2023-05-06 18:45:47,357:INFO:create_model(self=<pycaret.classification.oop.ClassificationExperiment object at 0x7f3b1b2758a0>, estimator=lr, fold=StratifiedKFold(n_splits=10, random_state=None, shuffle=False), round=4, cross_validation=True, predict=True, fit_kwargs={}, groups=None, refit=False, probability_threshold=None, experiment_custom_tags=None, verbose=False, system=False, add_to_model_list=True, metrics=None, display=<pycaret.internal.display.display.CommonDisplay object at 0x7f3b1b7b1540>, model_only=True, return_train_score=False, kwargs={})
2023-05-06 18:45:47,357:INFO:Checking exceptions
2023-05-06 18:45:47,357:INFO:Importing libraries
2023-05-06 18:45:47,357:INFO:Copying training dataset
2023-05-06 18:45:47,431:INFO:Defining folds
2023-05-06 18:45:47,431:INFO:Declaring metric variables
2023-05-06 18:45:47,433:INFO:Importing untrained model
2023-05-06 18:45:47,436:INFO:Logistic Regression Imported successfully
2023-05-06 18:45:47,441:INFO:Starting cross validation
2023-05-06 18:45:47,441:INFO:Cross validating with StratifiedKFold(n_splits=10, random_state=None, shuffle=False), n_jobs=-1
2023-05-06 18:45:49,681:INFO:Calculating mean and std
2023-05-06 18:45:49,682:INFO:Creating metrics dataframe
2023-05-06 18:45:49,686:INFO:Uploading results into container
2023-05-06 18:45:49,687:INFO:Uploading model into container now
2023-05-06 18:45:49,687:INFO:_master_model_container: 1
2023-05-06 18:45:49,687:INFO:_display_container: 2
2023-05-06 18:45:49,688:INFO:LogisticRegression(C=1.0, class_weight=None, dual=False, fit_intercept=True,
                   intercept_scaling=1, l1_ratio=None, max_iter=1000,
                   multi_class='auto', n_jobs=None, penalty='l2',
                   random_state=123, solver='lbfgs', tol=0.0001, verbose=0,
                   warm_start=False)
2023-05-06 18:45:49,688:INFO:create_model() successfully completed......................................
2023-05-06 18:45:49,811:INFO:SubProcess create_model() end ==================================
2023-05-06 18:45:49,811:INFO:Creating metrics dataframe
2023-05-06 18:45:49,816:INFO:Initializing K Neighbors Classifier
2023-05-06 18:45:49,817:INFO:Total runtime is 0.041032846768697104 minutes
2023-05-06 18:45:49,819:INFO:SubProcess create_model() called ==================================
2023-05-06 18:45:49,819:INFO:Initializing create_model()
2023-05-06 18:45:49,819:INFO:create_model(self=<pycaret.classification.oop.ClassificationExperiment object at 0x7f3b1b2758a0>, estimator=knn, fold=StratifiedKFold(n_splits=10, random_state=None, shuffle=False), round=4, cross_validation=True, predict=True, fit_kwargs={}, groups=None, refit=False, probability_threshold=None, experiment_custom_tags=None, verbose=False, system=False, add_to_model_list=True, metrics=None, display=<pycaret.internal.display.display.CommonDisplay object at 0x7f3b1b7b1540>, model_only=True, return_train_score=False, kwargs={})
2023-05-06 18:45:49,820:INFO:Checking exceptions
2023-05-06 18:45:49,820:INFO:Importing libraries
2023-05-06 18:45:49,821:INFO:Copying training dataset
2023-05-06 18:45:49,897:INFO:Defining folds
2023-05-06 18:45:49,899:INFO:Declaring metric variables
2023-05-06 18:45:49,902:INFO:Importing untrained model
2023-05-06 18:45:49,905:INFO:K Neighbors Classifier Imported successfully
2023-05-06 18:45:49,910:INFO:Starting cross validation
2023-05-06 18:45:49,912:INFO:Cross validating with StratifiedKFold(n_splits=10, random_state=None, shuffle=False), n_jobs=-1
2023-05-06 18:45:57,565:INFO:Calculating mean and std
2023-05-06 18:45:57,567:INFO:Creating metrics dataframe
2023-05-06 18:45:57,570:INFO:Uploading results into container
2023-05-06 18:45:57,570:INFO:Uploading model into container now
2023-05-06 18:45:57,571:INFO:_master_model_container: 2
2023-05-06 18:45:57,571:INFO:_display_container: 2
2023-05-06 18:45:57,571:INFO:KNeighborsClassifier(algorithm='auto', leaf_size=30, metric='minkowski',
                     metric_params=None, n_jobs=-1, n_neighbors=5, p=2,
                     weights='uniform')
2023-05-06 18:45:57,572:INFO:create_model() successfully completed......................................
2023-05-06 18:45:57,688:INFO:SubProcess create_model() end ==================================
2023-05-06 18:45:57,688:INFO:Creating metrics dataframe
2023-05-06 18:45:57,694:INFO:Initializing Naive Bayes
2023-05-06 18:45:57,695:INFO:Total runtime is 0.1723348538080851 minutes
2023-05-06 18:45:57,697:INFO:SubProcess create_model() called ==================================
2023-05-06 18:45:57,698:INFO:Initializing create_model()
2023-05-06 18:45:57,698:INFO:create_model(self=<pycaret.classification.oop.ClassificationExperiment object at 0x7f3b1b2758a0>, estimator=nb, fold=StratifiedKFold(n_splits=10, random_state=None, shuffle=False), round=4, cross_validation=True, predict=True, fit_kwargs={}, groups=None, refit=False, probability_threshold=None, experiment_custom_tags=None, verbose=False, system=False, add_to_model_list=True, metrics=None, display=<pycaret.internal.display.display.CommonDisplay object at 0x7f3b1b7b1540>, model_only=True, return_train_score=False, kwargs={})
2023-05-06 18:45:57,699:INFO:Checking exceptions
2023-05-06 18:45:57,699:INFO:Importing libraries
2023-05-06 18:45:57,699:INFO:Copying training dataset
2023-05-06 18:45:57,779:INFO:Defining folds
2023-05-06 18:45:57,780:INFO:Declaring metric variables
2023-05-06 18:45:57,783:INFO:Importing untrained model
2023-05-06 18:45:57,786:INFO:Naive Bayes Imported successfully
2023-05-06 18:45:57,791:INFO:Starting cross validation
2023-05-06 18:45:57,793:INFO:Cross validating with StratifiedKFold(n_splits=10, random_state=None, shuffle=False), n_jobs=-1
2023-05-06 18:45:58,471:INFO:Calculating mean and std
2023-05-06 18:45:58,472:INFO:Creating metrics dataframe
2023-05-06 18:45:58,475:INFO:Uploading results into container
2023-05-06 18:45:58,476:INFO:Uploading model into container now
2023-05-06 18:45:58,476:INFO:_master_model_container: 3
2023-05-06 18:45:58,476:INFO:_display_container: 2
2023-05-06 18:45:58,477:INFO:GaussianNB(priors=None, var_smoothing=1e-09)
2023-05-06 18:45:58,477:INFO:create_model() successfully completed......................................
2023-05-06 18:45:58,591:INFO:SubProcess create_model() end ==================================
2023-05-06 18:45:58,591:INFO:Creating metrics dataframe
2023-05-06 18:45:58,598:INFO:Initializing Decision Tree Classifier
2023-05-06 18:47:36,275:WARNING:create_model() for rf raised an exception or returned all 0.0, trying without fit_kwargs:
2023-05-06 18:47:36,278:WARNING:Traceback (most recent call last):
  File "/home/diogo/.local/lib/python3.10/site-packages/pycaret/internal/pycaret_experiment/supervised_experiment.py", line 794, in compare_models
    model, model_fit_time = self._create_model(**create_model_args)
  File "/home/diogo/.local/lib/python3.10/site-packages/pycaret/internal/pycaret_experiment/supervised_experiment.py", line 1523, in _create_model
    model, model_fit_time, model_results, _ = self._create_model_with_cv(
  File "/home/diogo/.local/lib/python3.10/site-packages/pycaret/internal/pycaret_experiment/supervised_experiment.py", line 1117, in _create_model_with_cv
    scores = cross_validate(
  File "/home/diogo/.local/lib/python3.10/site-packages/sklearn/model_selection/_validation.py", line 266, in cross_validate
    results = parallel(
  File "/home/diogo/.local/lib/python3.10/site-packages/sklearn/utils/parallel.py", line 63, in __call__
    return super().__call__(iterable_with_config)
  File "/home/diogo/.local/lib/python3.10/site-packages/joblib/parallel.py", line 1098, in __call__
    self.retrieve()
  File "/home/diogo/.local/lib/python3.10/site-packages/joblib/parallel.py", line 975, in retrieve
    self._output.extend(job.get(timeout=self.timeout))
  File "/home/diogo/.local/lib/python3.10/site-packages/joblib/_parallel_backends.py", line 567, in wrap_future_result
    return future.result(timeout=timeout)
  File "/usr/lib/python3.10/concurrent/futures/_base.py", line 458, in result
    return self.__get_result()
  File "/usr/lib/python3.10/concurrent/futures/_base.py", line 403, in __get_result
    raise self._exception
joblib.externals.loky.process_executor.TerminatedWorkerError: A worker process managed by the executor was unexpectedly terminated. This could be caused by a segmentation fault while calling the function or by an excessive memory usage causing the Operating System to kill the worker.

The exit codes of the workers are {SIGKILL(-9)}

2023-05-06 18:47:36,278:INFO:Initializing create_model()
2023-05-06 18:47:36,279:INFO:create_model(self=<pycaret.classification.oop.ClassificationExperiment object at 0x7f3b1b2758a0>, estimator=rf, fold=StratifiedKFold(n_splits=10, random_state=None, shuffle=False), round=4, cross_validation=True, predict=True, fit_kwargs={}, groups=None, refit=False, probability_threshold=None, experiment_custom_tags=None, verbose=False, system=False, add_to_model_list=True, metrics=None, display=<pycaret.internal.display.display.CommonDisplay object at 0x7f3b1b7b1540>, model_only=True, return_train_score=False, kwargs={})
2023-05-06 18:47:36,279:INFO:Checking exceptions
2023-05-06 18:47:36,279:INFO:Importing libraries
2023-05-06 18:47:36,279:INFO:Copying training dataset
2023-05-06 18:47:36,398:INFO:Defining folds
2023-05-06 18:47:36,399:INFO:Declaring metric variables
2023-05-06 18:47:36,403:INFO:Importing untrained model
2023-05-06 18:47:36,406:INFO:Random Forest Classifier Imported successfully
2023-05-06 18:47:36,410:INFO:Starting cross validation
2023-05-06 18:47:36,411:INFO:Cross validating with StratifiedKFold(n_splits=10, random_state=None, shuffle=False), n_jobs=-1
2023-05-06 18:48:06,873:ERROR:create_model() for rf raised an exception or returned all 0.0:
2023-05-06 18:48:06,875:ERROR:Traceback (most recent call last):
  File "/home/diogo/.local/lib/python3.10/site-packages/pycaret/internal/pycaret_experiment/supervised_experiment.py", line 794, in compare_models
    model, model_fit_time = self._create_model(**create_model_args)
  File "/home/diogo/.local/lib/python3.10/site-packages/pycaret/internal/pycaret_experiment/supervised_experiment.py", line 1523, in _create_model
    model, model_fit_time, model_results, _ = self._create_model_with_cv(
  File "/home/diogo/.local/lib/python3.10/site-packages/pycaret/internal/pycaret_experiment/supervised_experiment.py", line 1117, in _create_model_with_cv
    scores = cross_validate(
  File "/home/diogo/.local/lib/python3.10/site-packages/sklearn/model_selection/_validation.py", line 266, in cross_validate
    results = parallel(
  File "/home/diogo/.local/lib/python3.10/site-packages/sklearn/utils/parallel.py", line 63, in __call__
    return super().__call__(iterable_with_config)
  File "/home/diogo/.local/lib/python3.10/site-packages/joblib/parallel.py", line 1098, in __call__
    self.retrieve()
  File "/home/diogo/.local/lib/python3